"-";"::1";"-";"[2020-08-03T16:26:24.011Z]";"POST";"/usuario/resetar-senha";"HTTP/1.1";"200";"-";"-";"PostmanRuntime/7.26.2";"-";"-";"
"-";"::1";"-";"[2020-08-03T16:30:38.253Z]";"POST";"/usuario/resetar-senha";"HTTP/1.1";"200";"-";"-";"PostmanRuntime/7.26.2";"-";"-";"
"-";"::1";"-";"[2020-08-03T16:32:07.803Z]";"POST";"/usuario/resetar-senha";"HTTP/1.1";"500";"25";"-";"PostmanRuntime/7.26.2";"-";"-";"
"-";"::1";"-";"[2020-08-03T16:34:40.612Z]";"POST";"/usuario/resetar-senha";"HTTP/1.1";"500";"25";"-";"PostmanRuntime/7.26.2";"-";"-";"
"-";"::1";"-";"[2020-08-03T16:35:44.057Z]";"POST";"/usuario/resetar-senha";"HTTP/1.1";"500";"165";"-";"PostmanRuntime/7.26.2";"-";"-";"
"-";"::1";"-";"[2020-08-03T16:37:16.295Z]";"POST";"/usuario/resetar-senha";"HTTP/1.1";"500";"166";"-";"PostmanRuntime/7.26.2";"-";"-";"
"-";"::1";"-";"[2020-08-03T16:38:41.672Z]";"POST";"/usuario/resetar-senha";"HTTP/1.1";"200";"331";"-";"PostmanRuntime/7.26.2";"-";"-";"
"-";"::1";"-";"[2020-08-03T18:25:06.817Z]";"POST";"/usuario/resetar-senha";"HTTP/1.1";"200";"334";"-";"PostmanRuntime/7.26.2";"-";"-";"
"-";"::1";"-";"[2020-08-03T18:43:19.188Z]";"POST";"/usuario/resetar-senha";"HTTP/1.1";"200";"332";"-";"PostmanRuntime/7.26.2";"-";"-";"
"-";"::1";"-";"[2020-08-03T18:43:52.910Z]";"POST";"/usuario/resetar-senha";"HTTP/1.1";"200";"333";"-";"PostmanRuntime/7.26.2";"-";"-";"
"-";"::1";"-";"[2020-08-03T18:51:51.705Z]";"POST";"/usuario/resetar-senha";"HTTP/1.1";"200";"332";"-";"PostmanRuntime/7.26.2";"-";"-";"
"-";"::1";"-";"[2020-08-03T19:10:46.807Z]";"POST";"/usuario/resetar-senha";"HTTP/1.1";"500";"115";"-";"PostmanRuntime/7.26.2";"-";"-";"
"-";"::1";"-";"[2020-08-03T19:12:44.194Z]";"POST";"/usuario/resetar-senha";"HTTP/1.1";"500";"129";"-";"PostmanRuntime/7.26.2";"-";"-";"
"-";"::1";"-";"[2020-08-03T19:13:55.341Z]";"POST";"/usuario/resetar-senha";"HTTP/1.1";"500";"116";"-";"PostmanRuntime/7.26.2";"-";"-";"
"-";"::1";"-";"[2020-08-03T19:15:40.054Z]";"POST";"/usuario/resetar-senha";"HTTP/1.1";"500";"109";"-";"PostmanRuntime/7.26.2";"-";"-";"
"-";"::1";"-";"[2020-08-03T19:16:47.752Z]";"POST";"/usuario/resetar-senha";"HTTP/1.1";"500";"109";"-";"PostmanRuntime/7.26.2";"-";"-";"
"-";"::1";"-";"[2020-08-03T19:17:01.561Z]";"POST";"/usuario/resetar-senha";"HTTP/1.1";"500";"120";"-";"PostmanRuntime/7.26.2";"-";"-";"
"-";"::1";"-";"[2020-08-03T19:17:22.026Z]";"POST";"/usuario/resetar-senha";"HTTP/1.1";"500";"65";"-";"PostmanRuntime/7.26.2";"-";"-";"
"-";"::1";"-";"[2020-08-03T19:17:30.811Z]";"POST";"/usuario/resetar-senha";"HTTP/1.1";"500";"65";"-";"PostmanRuntime/7.26.2";"-";"-";"
"-";"::1";"-";"[2020-08-03T19:17:38.668Z]";"POST";"/usuario/resetar-senha";"HTTP/1.1";"500";"65";"-";"PostmanRuntime/7.26.2";"-";"-";"
"-";"::1";"-";"[2020-08-03T19:18:30.683Z]";"POST";"/usuario/resetar-senha";"HTTP/1.1";"500";"136";"-";"PostmanRuntime/7.26.2";"-";"-";"
"-";"::1";"-";"[2020-08-03T19:18:43.871Z]";"POST";"/usuario/resetar-senha";"HTTP/1.1";"500";"120";"-";"PostmanRuntime/7.26.2";"-";"-";"
"-";"::1";"-";"[2020-08-03T19:35:11.880Z]";"POST";"/usuario/resetar-senha";"HTTP/1.1";"200";"335";"-";"PostmanRuntime/7.26.2";"-";"-";"
"-";"::1";"-";"[2020-08-03T19:36:28.121Z]";"POST";"/usuario/resetar-senha";"HTTP/1.1";"200";"336";"-";"PostmanRuntime/7.26.2";"-";"-";"
"-";"::1";"-";"[2020-08-03T19:37:20.791Z]";"POST";"/usuario/resetar-senha";"HTTP/1.1";"200";"333";"-";"PostmanRuntime/7.26.2";"-";"-";"
"-";"::1";"-";"[2020-08-03T19:40:56.406Z]";"POST";"/usuario/resetar-senha";"HTTP/1.1";"200";"335";"-";"PostmanRuntime/7.26.2";"-";"-";"
"-";"::1";"-";"[2020-08-03T19:44:12.502Z]";"POST";"/usuario/resetar-senha";"HTTP/1.1";"200";"334";"-";"PostmanRuntime/7.26.2";"-";"-";"
"-";"::1";"-";"[2020-08-03T19:47:30.569Z]";"POST";"/usuario/resetar-senha";"HTTP/1.1";"-";"-";"-";"PostmanRuntime/7.26.2";"-";"-";"
"-";"::1";"-";"[2020-08-03T19:47:57.282Z]";"POST";"/usuario/resetar-senha";"HTTP/1.1";"200";"337";"-";"PostmanRuntime/7.26.2";"-";"-";"
"-";"::1";"-";"[2020-08-03T19:49:15.207Z]";"POST";"/usuario/resetar-senha";"HTTP/1.1";"200";"333";"-";"PostmanRuntime/7.26.2";"-";"-";"
"-";"::1";"-";"[2020-08-03T19:50:58.881Z]";"POST";"/usuario/resetar-senha";"HTTP/1.1";"200";"334";"-";"PostmanRuntime/7.26.2";"-";"-";"
"-";"::1";"-";"[2020-08-03T19:52:03.313Z]";"POST";"/usuario/resetar-senha";"HTTP/1.1";"200";"334";"-";"PostmanRuntime/7.26.2";"-";"-";"
"-";"::1";"-";"[2020-08-03T19:53:32.305Z]";"POST";"/usuario/resetar-senha";"HTTP/1.1";"200";"335";"-";"PostmanRuntime/7.26.2";"-";"-";"
"-";"::1";"-";"[2020-08-03T19:54:01.240Z]";"POST";"/usuario/resetar-senha";"HTTP/1.1";"200";"334";"-";"PostmanRuntime/7.26.2";"-";"-";"
"-";"::1";"-";"[2020-08-03T19:55:14.175Z]";"POST";"/usuario/resetar-senha";"HTTP/1.1";"200";"334";"-";"PostmanRuntime/7.26.2";"-";"-";"
"-";"::1";"-";"[2020-08-03T19:56:04.316Z]";"POST";"/usuario/resetar-senha";"HTTP/1.1";"200";"334";"-";"PostmanRuntime/7.26.2";"-";"-";"
"-";"::1";"-";"[2020-08-03T19:56:43.825Z]";"POST";"/usuario/resetar-senha";"HTTP/1.1";"200";"335";"-";"PostmanRuntime/7.26.2";"-";"-";"
"-";"::1";"-";"[2020-08-03T19:58:47.781Z]";"POST";"/usuario/resetar-senha";"HTTP/1.1";"200";"324";"-";"PostmanRuntime/7.26.2";"-";"-";"
"-";"::1";"-";"[2020-08-03T20:00:31.242Z]";"POST";"/usuario/resetar-senha";"HTTP/1.1";"200";"323";"-";"PostmanRuntime/7.26.2";"-";"-";"
"-";"::1";"-";"[2020-08-03T20:07:27.333Z]";"POST";"/usuario/resetar-senha";"HTTP/1.1";"200";"323";"-";"PostmanRuntime/7.26.2";"-";"-";"
"-";"::1";"-";"[2020-08-03T20:08:42.302Z]";"POST";"/usuario/resetar-senha";"HTTP/1.1";"200";"324";"-";"PostmanRuntime/7.26.2";"-";"-";"
"-";"::1";"-";"[2020-08-03T20:09:58.914Z]";"POST";"/usuario/resetar-senha";"HTTP/1.1";"200";"336";"-";"PostmanRuntime/7.26.2";"-";"-";"
"-";"::1";"-";"[2020-08-03T20:10:15.485Z]";"POST";"/usuario/resetar-senha";"HTTP/1.1";"200";"335";"-";"PostmanRuntime/7.26.2";"-";"-";"
"-";"::1";"-";"[2020-08-03T22:49:41.940Z]";"POST";"/usuario/resetar-senha";"HTTP/1.1";"200";"-";"-";"PostmanRuntime/7.26.2";"-";"-";"
"-";"::1";"-";"[2020-08-03T22:51:40.948Z]";"POST";"/usuario/resetar-senha";"HTTP/1.1";"200";"-";"-";"PostmanRuntime/7.26.2";"-";"-";"
"-";"::1";"-";"[2020-08-03T22:52:51.528Z]";"POST";"/usuario/resetar-senha";"HTTP/1.1";"200";"-";"-";"PostmanRuntime/7.26.2";"-";"-";"
"-";"::1";"-";"[2020-08-03T22:53:12.836Z]";"POST";"/usuario/resetar-senha";"HTTP/1.1";"200";"-";"-";"PostmanRuntime/7.26.2";"-";"-";"
"-";"::1";"-";"[2020-08-03T22:53:26.222Z]";"POST";"/usuario/resetar-senha";"HTTP/1.1";"200";"-";"-";"PostmanRuntime/7.26.2";"-";"-";"
"-";"::1";"-";"[2020-08-03T22:53:29.473Z]";"POST";"/usuario/resetar-senha";"HTTP/1.1";"200";"-";"-";"PostmanRuntime/7.26.2";"-";"-";"
"-";"::1";"-";"[2020-08-03T22:53:30.500Z]";"POST";"/usuario/resetar-senha";"HTTP/1.1";"200";"-";"-";"PostmanRuntime/7.26.2";"-";"-";"
"-";"::1";"-";"[2020-08-03T23:02:58.945Z]";"POST";"/usuario/resetar-senha";"HTTP/1.1";"200";"-";"-";"PostmanRuntime/7.26.2";"-";"-";"
"-";"::1";"-";"[2020-08-03T23:23:09.844Z]";"POST";"/usuario/resetar-senha";"HTTP/1.1";"200";"-";"-";"PostmanRuntime/7.26.2";"-";"-";"
"-";"::1";"-";"[2020-08-03T23:25:32.811Z]";"POST";"/usuario/resetar-senha";"HTTP/1.1";"200";"-";"-";"PostmanRuntime/7.26.2";"-";"-";"
"-";"::1";"-";"[2020-08-03T23:26:00.199Z]";"POST";"/usuario/resetar-senha";"HTTP/1.1";"200";"-";"-";"PostmanRuntime/7.26.2";"-";"-";"
"-";"::1";"-";"[2020-08-03T23:26:39.450Z]";"POST";"/usuario/resetar-senha";"HTTP/1.1";"500";"23";"-";"PostmanRuntime/7.26.2";"-";"-";"
"-";"::1";"-";"[2020-08-03T23:27:19.225Z]";"POST";"/usuario/resetar-senha";"HTTP/1.1";"500";"23";"-";"PostmanRuntime/7.26.2";"-";"-";"
"-";"::1";"-";"[2020-08-03T23:28:02.891Z]";"POST";"/usuario/resetar-senha";"HTTP/1.1";"500";"23";"-";"PostmanRuntime/7.26.2";"-";"-";"
"-";"::1";"-";"[2020-08-03T23:28:45.359Z]";"POST";"/usuario/resetar-senha";"HTTP/1.1";"500";"23";"-";"PostmanRuntime/7.26.2";"-";"-";"
"-";"::1";"-";"[2020-08-03T23:28:57.441Z]";"POST";"/usuario/resetar-senha";"HTTP/1.1";"200";"303";"-";"PostmanRuntime/7.26.2";"-";"-";"
"-";"::1";"-";"[2020-08-03T23:56:31.247Z]";"POST";"/usuario/resetar-senha";"HTTP/1.1";"500";"36";"-";"PostmanRuntime/7.26.2";"-";"-";"
"-";"::1";"-";"[2020-08-04T00:11:07.740Z]";"POST";"/usuario/resetar-senha";"HTTP/1.1";"500";"38";"-";"PostmanRuntime/7.26.2";"-";"-";"
"-";"::1";"-";"[2020-08-04T00:13:59.109Z]";"POST";"/usuario/resetar-senha";"HTTP/1.1";"500";"38";"-";"PostmanRuntime/7.26.2";"-";"-";"
"-";"::1";"-";"[2020-08-04T00:14:42.705Z]";"GET";"/usuario/listar/124";"HTTP/1.1";"200";"370";"-";"PostmanRuntime/7.26.2";"-";"-";"
"-";"::1";"-";"[2020-08-04T00:16:21.421Z]";"GET";"/usuario/listar/124";"HTTP/1.1";"-";"-";"-";"PostmanRuntime/7.26.2";"-";"-";"
"-";"::1";"-";"[2020-08-04T00:19:18.720Z]";"GET";"/usuario/listar/124";"HTTP/1.1";"200";"370";"-";"PostmanRuntime/7.26.2";"-";"-";"
"-";"::1";"-";"[2020-08-04T00:23:14.390Z]";"POST";"/usuario/resetar-senha";"HTTP/1.1";"500";"38";"-";"PostmanRuntime/7.26.2";"-";"-";"
"-";"::1";"-";"[2020-08-04T00:34:17.616Z]";"POST";"/usuario/resetar-senha";"HTTP/1.1";"200";"40";"-";"PostmanRuntime/7.26.2";"-";"-";"
"-";"::1";"-";"[2020-08-04T00:34:58.760Z]";"POST";"/usuario/resetar-senha";"HTTP/1.1";"200";"40";"-";"PostmanRuntime/7.26.2";"-";"-";"
"-";"::1";"-";"[2020-08-04T00:35:30.839Z]";"POST";"/usuario/resetar-senha";"HTTP/1.1";"200";"65";"-";"PostmanRuntime/7.26.2";"-";"-";"
"-";"::1";"-";"[2020-08-04T01:47:30.369Z]";"POST";"/usuario/teste";"HTTP/1.1";"200";"333";"-";"PostmanRuntime/7.26.2";"-";"-";"
"-";"::1";"-";"[2020-08-04T01:51:02.528Z]";"POST";"/usuario/teste";"HTTP/1.1";"200";"334";"-";"PostmanRuntime/7.26.2";"-";"-";"
"-";"::1";"-";"[2020-08-04T01:51:50.025Z]";"POST";"/usuario/teste";"HTTP/1.1";"200";"335";"-";"PostmanRuntime/7.26.2";"-";"-";"
"-";"::1";"-";"[2020-08-04T02:01:59.415Z]";"POST";"/usuario/teste";"HTTP/1.1";"200";"335";"-";"PostmanRuntime/7.26.2";"-";"-";"
"-";"::1";"-";"[2020-08-04T02:02:38.520Z]";"POST";"/usuario/teste";"HTTP/1.1";"200";"334";"-";"PostmanRuntime/7.26.2";"-";"-";"
"-";"::1";"-";"[2020-08-04T02:26:26.260Z]";"POST";"/usuario/teste";"HTTP/1.1";"200";"337";"-";"PostmanRuntime/7.26.2";"-";"-";"
"-";"::1";"-";"[2020-08-04T02:27:33.401Z]";"POST";"/usuario/teste";"HTTP/1.1";"200";"334";"-";"PostmanRuntime/7.26.2";"-";"-";"
"-";"::1";"-";"[2020-08-04T02:38:27.562Z]";"POST";"/usuario/teste";"HTTP/1.1";"200";"337";"-";"PostmanRuntime/7.26.2";"-";"-";"
"-";"::1";"-";"[2020-08-04T02:42:11.088Z]";"POST";"/usuario/teste";"HTTP/1.1";"200";"334";"-";"PostmanRuntime/7.26.2";"-";"-";"
"-";"::1";"-";"[2020-08-04T02:45:11.249Z]";"POST";"/usuario/teste";"HTTP/1.1";"200";"335";"-";"PostmanRuntime/7.26.2";"-";"-";"
"-";"::1";"-";"[2020-08-04T02:47:17.988Z]";"POST";"/usuario/teste";"HTTP/1.1";"200";"335";"-";"PostmanRuntime/7.26.2";"-";"-";"
"-";"::1";"-";"[2020-08-04T02:47:51.791Z]";"POST";"/usuario/teste";"HTTP/1.1";"200";"336";"-";"PostmanRuntime/7.26.2";"-";"-";"
"-";"::1";"-";"[2020-08-04T02:48:25.291Z]";"POST";"/usuario/teste";"HTTP/1.1";"200";"336";"-";"PostmanRuntime/7.26.2";"-";"-";"
"-";"::1";"-";"[2020-08-04T02:49:13.897Z]";"POST";"/usuario/teste";"HTTP/1.1";"200";"334";"-";"PostmanRuntime/7.26.2";"-";"-";"
"-";"::1";"-";"[2020-08-04T02:50:16.363Z]";"POST";"/usuario/teste";"HTTP/1.1";"200";"334";"-";"PostmanRuntime/7.26.2";"-";"-";"
"-";"::1";"-";"[2020-08-04T02:51:31.302Z]";"POST";"/usuario/teste";"HTTP/1.1";"200";"335";"-";"PostmanRuntime/7.26.2";"-";"-";"
"-";"::1";"-";"[2020-08-04T02:52:17.870Z]";"POST";"/usuario/teste";"HTTP/1.1";"200";"336";"-";"PostmanRuntime/7.26.2";"-";"-";"
"-";"::1";"-";"[2020-08-04T02:52:48.398Z]";"POST";"/usuario/teste";"HTTP/1.1";"200";"335";"-";"PostmanRuntime/7.26.2";"-";"-";"
"-";"::1";"-";"[2020-08-04T02:53:43.776Z]";"POST";"/usuario/teste";"HTTP/1.1";"200";"334";"-";"PostmanRuntime/7.26.2";"-";"-";"
"-";"::1";"-";"[2020-08-04T02:55:46.476Z]";"POST";"/usuario/teste";"HTTP/1.1";"200";"335";"-";"PostmanRuntime/7.26.2";"-";"-";"
