"-";"::1";"-";"[2020-07-25T23:06:43.805Z]";"POST";"/usuario/criar";"HTTP/1.1";"-";"-";"-";"PostmanRuntime/7.26.1";"-";"-";"
"-";"::1";"-";"[2020-07-25T23:20:59.175Z]";"POST";"/usuario/criar";"HTTP/1.1";"200";"11";"-";"PostmanRuntime/7.26.1";"-";"-";"
"-";"::1";"-";"[2020-07-26T00:31:31.455Z]";"GET";"/usuario/listar";"HTTP/1.1";"500";"80";"-";"PostmanRuntime/7.26.1";"-";"-";"
"-";"::1";"-";"[2020-07-26T00:31:59.619Z]";"GET";"/usuario/listar";"HTTP/1.1";"500";"80";"-";"PostmanRuntime/7.26.1";"-";"-";"
"-";"::1";"-";"[2020-07-26T00:33:25.866Z]";"GET";"/usuario/listar";"HTTP/1.1";"500";"93";"-";"PostmanRuntime/7.26.1";"-";"-";"
"-";"::1";"-";"[2020-07-26T00:34:13.729Z]";"GET";"/usuario/listar";"HTTP/1.1";"200";"912";"-";"PostmanRuntime/7.26.1";"-";"-";"
"-";"::1";"-";"[2020-07-26T01:14:26.719Z]";"POST";"/usuario/listar-por-email";"HTTP/1.1";"200";"137";"-";"PostmanRuntime/7.26.1";"-";"-";"
"-";"::1";"-";"[2020-07-26T15:43:44.051Z]";"PUT";"/usuario/editar";"HTTP/1.1";"500";"637";"-";"PostmanRuntime/7.26.1";"-";"-";"
"-";"::1";"-";"[2020-07-26T15:46:37.802Z]";"PUT";"/usuario/editar";"HTTP/1.1";"-";"-";"-";"PostmanRuntime/7.26.1";"-";"-";"
"-";"::1";"-";"[2020-07-26T15:49:40.525Z]";"POST";"/usuario/listar-por-email";"HTTP/1.1";"200";"137";"-";"PostmanRuntime/7.26.1";"-";"-";"
"-";"::1";"-";"[2020-07-26T15:54:42.931Z]";"PUT";"/usuario/editar";"HTTP/1.1";"500";"90";"-";"PostmanRuntime/7.26.1";"-";"-";"
"-";"::1";"-";"[2020-07-26T15:56:01.138Z]";"PUT";"/usuario/editar";"HTTP/1.1";"500";"88";"-";"PostmanRuntime/7.26.1";"-";"-";"
"-";"::1";"-";"[2020-07-26T16:27:38.359Z]";"DELETE";"/usuario/excluir/";"HTTP/1.1";"500";"88";"-";"PostmanRuntime/7.26.2";"-";"-";"
"-";"::1";"-";"[2020-07-26T16:29:40.980Z]";"DELETE";"/usuario/excluir/";"HTTP/1.1";"200";"25";"-";"PostmanRuntime/7.26.2";"-";"-";"
"-";"::1";"-";"[2020-07-26T16:38:44.253Z]";"DELETE";"/usuario/excluir/27";"HTTP/1.1";"200";"25";"-";"PostmanRuntime/7.26.2";"-";"-";"
"-";"::1";"-";"[2020-07-26T16:42:37.369Z]";"DELETE";"/usuario/excluir/27";"HTTP/1.1";"200";"25";"-";"PostmanRuntime/7.26.2";"-";"-";"
"-";"::1";"-";"[2020-07-26T18:37:21.357Z]";"POST";"/usuario/salvar";"HTTP/1.1";"200";"11";"-";"PostmanRuntime/7.26.2";"-";"-";"
"-";"::1";"-";"[2020-07-26T18:38:45.745Z]";"POST";"/usuario/salvar";"HTTP/1.1";"200";"11";"-";"PostmanRuntime/7.26.2";"-";"-";"
"-";"::1";"-";"[2020-07-26T18:40:29.040Z]";"PUT";"/usuario/editar";"HTTP/1.1";"500";"637";"-";"PostmanRuntime/7.26.2";"-";"-";"
"-";"::1";"-";"[2020-07-26T18:40:55.165Z]";"POST";"/usuario/editar";"HTTP/1.1";"500";"637";"-";"PostmanRuntime/7.26.2";"-";"-";"
"-";"::1";"-";"[2020-07-26T18:46:02.782Z]";"PUT";"/usuario/editar";"HTTP/1.1";"-";"-";"-";"PostmanRuntime/7.26.2";"-";"-";"
"-";"::1";"-";"[2020-07-26T18:51:35.176Z]";"PUT";"/usuario/editar";"HTTP/1.1";"200";"133";"-";"PostmanRuntime/7.26.2";"-";"-";"
"-";"::1";"-";"[2020-07-26T20:37:44.125Z]";"GET";"/usuario/listar";"HTTP/1.1";"200";"1032";"-";"PostmanRuntime/7.26.2";"-";"-";"
"-";"::1";"-";"[2020-07-26T20:40:20.806Z]";"POST";"/usuario/listar-por-email";"HTTP/1.1";"200";"11";"-";"PostmanRuntime/7.26.2";"-";"-";"
"-";"::1";"-";"[2020-07-26T20:40:36.677Z]";"POST";"/usuario/listar-por-email";"HTTP/1.1";"200";"136";"-";"PostmanRuntime/7.26.2";"-";"-";"
"-";"::1";"-";"[2020-07-26T20:46:20.094Z]";"POST";"/usuario/criar";"HTTP/1.1";"200";"11";"-";"PostmanRuntime/7.26.2";"-";"-";"
"-";"::1";"-";"[2020-07-26T20:46:32.169Z]";"GET";"/usuario/listar";"HTTP/1.1";"200";"1154";"-";"PostmanRuntime/7.26.2";"-";"-";"
"-";"::1";"-";"[2020-07-26T20:48:17.435Z]";"PUT";"/usuario/editar";"HTTP/1.1";"200";"132";"-";"PostmanRuntime/7.26.2";"-";"-";"
"-";"::1";"-";"[2020-07-26T20:48:29.063Z]";"GET";"/usuario/listar";"HTTP/1.1";"200";"1154";"-";"PostmanRuntime/7.26.2";"-";"-";"
"-";"::1";"-";"[2020-07-26T20:48:59.763Z]";"PUT";"/usuario/editar";"HTTP/1.1";"200";"11";"-";"PostmanRuntime/7.26.2";"-";"-";"
"-";"::1";"-";"[2020-07-26T20:54:22.745Z]";"GET";"/usuario/listar";"HTTP/1.1";"200";"1253";"-";"PostmanRuntime/7.26.2";"-";"-";"
"-";"::1";"-";"[2020-07-26T20:57:48.739Z]";"GET";"/usuario/listar";"HTTP/1.1";"500";"372";"-";"PostmanRuntime/7.26.2";"-";"-";"
"-";"::1";"-";"[2020-07-26T20:59:34.332Z]";"GET";"/usuario/listar";"HTTP/1.1";"200";"1550";"-";"PostmanRuntime/7.26.2";"-";"-";"
"-";"::1";"-";"[2020-07-26T21:00:05.441Z]";"GET";"/usuario/listar";"HTTP/1.1";"200";"1550";"-";"PostmanRuntime/7.26.2";"-";"-";"
"-";"::1";"-";"[2020-07-26T21:00:15.625Z]";"GET";"/usuario/listar";"HTTP/1.1";"200";"1361";"-";"PostmanRuntime/7.26.2";"-";"-";"
"-";"::1";"-";"[2020-07-26T21:02:57.901Z]";"GET";"/usuario/listar";"HTTP/1.1";"200";"1270";"-";"PostmanRuntime/7.26.2";"-";"-";"
"-";"::1";"-";"[2020-07-26T21:04:06.679Z]";"GET";"/usuario/listar";"HTTP/1.1";"200";"1261";"-";"PostmanRuntime/7.26.2";"-";"-";"
"-";"::1";"-";"[2020-07-26T21:05:41.031Z]";"GET";"/usuario/listar";"HTTP/1.1";"200";"1261";"-";"PostmanRuntime/7.26.2";"-";"-";"
"-";"::1";"-";"[2020-07-26T21:08:36.007Z]";"GET";"/usuario/listar";"HTTP/1.1";"500";"614";"-";"PostmanRuntime/7.26.2";"-";"-";"
"-";"::1";"-";"[2020-07-26T21:11:34.233Z]";"GET";"/usuario/listar";"HTTP/1.1";"200";"1153";"-";"PostmanRuntime/7.26.2";"-";"-";"
"-";"::1";"-";"[2020-07-26T21:14:42.858Z]";"PUT";"/usuario/editar/32";"HTTP/1.1";"500";"192";"-";"PostmanRuntime/7.26.2";"-";"-";"
"-";"::1";"-";"[2020-07-26T21:19:16.406Z]";"PUT";"/usuario/editar/32";"HTTP/1.1";"200";"140";"-";"PostmanRuntime/7.26.2";"-";"-";"
"-";"::1";"-";"[2020-07-26T21:22:11.922Z]";"DELETE";"/usuario/excluir/27";"HTTP/1.1";"200";"25";"-";"PostmanRuntime/7.26.2";"-";"-";"
"-";"::1";"-";"[2020-07-26T21:22:51.107Z]";"GET";"/usuario/listar";"HTTP/1.1";"200";"1030";"-";"PostmanRuntime/7.26.2";"-";"-";"
"-";"::1";"-";"[2020-07-26T21:30:20.648Z]";"GET";"/usuario/listar";"HTTP/1.1";"200";"1030";"-";"PostmanRuntime/7.26.2";"-";"-";"
"-";"::1";"-";"[2020-07-26T21:31:11.113Z]";"PUT";"/usuario/editar/26luciano";"HTTP/1.1";"200";"153";"-";"PostmanRuntime/7.26.2";"-";"-";"
"-";"::1";"-";"[2020-07-26T21:31:27.715Z]";"PUT";"/usuario/editar/26luciano";"HTTP/1.1";"200";"152";"-";"PostmanRuntime/7.26.2";"-";"-";"
"-";"::1";"-";"[2020-07-26T21:31:40.723Z]";"PUT";"/usuario/editar/luciano";"HTTP/1.1";"200";"11";"-";"PostmanRuntime/7.26.2";"-";"-";"
"-";"::1";"-";"[2020-07-26T21:35:39.387Z]";"PUT";"/usuario/editar/luciano";"HTTP/1.1";"500";"88";"-";"PostmanRuntime/7.26.2";"-";"-";"
"-";"::1";"-";"[2020-07-26T21:36:50.671Z]";"PUT";"/usuario/editar/luciano";"HTTP/1.1";"500";"88";"-";"PostmanRuntime/7.26.2";"-";"-";"
"-";"::1";"-";"[2020-07-26T21:39:42.250Z]";"PUT";"/usuario/editar/luciano";"HTTP/1.1";"200";"43";"-";"PostmanRuntime/7.26.2";"-";"-";"
"-";"::1";"-";"[2020-07-26T21:42:08.256Z]";"PUT";"/usuario/editar/luciano";"HTTP/1.1";"404";"43";"-";"PostmanRuntime/7.26.2";"-";"-";"
"-";"::1";"-";"[2020-07-26T22:01:54.139Z]";"PUT";"/usuario/editar/33";"HTTP/1.1";"200";"11";"-";"PostmanRuntime/7.26.2";"-";"-";"
"-";"::1";"-";"[2020-07-26T22:09:04.936Z]";"GET";"/usuario/listar";"HTTP/1.1";"200";"1029";"-";"PostmanRuntime/7.26.2";"-";"-";"
"-";"::1";"-";"[2020-07-26T22:10:51.404Z]";"PUT";"/usuario/editar/33";"HTTP/1.1";"200";"11";"-";"PostmanRuntime/7.26.2";"-";"-";"
"-";"::1";"-";"[2020-07-26T22:15:51.736Z]";"PUT";"/usuario/editar/33";"HTTP/1.1";"200";"11";"-";"PostmanRuntime/7.26.2";"-";"-";"
"-";"::1";"-";"[2020-07-26T22:26:58.591Z]";"PUT";"/usuario/editar/33";"HTTP/1.1";"500";"49";"-";"PostmanRuntime/7.26.2";"-";"-";"
"-";"::1";"-";"[2020-07-26T22:33:04.387Z]";"PUT";"/usuario/editar/33";"HTTP/1.1";"404";"32";"-";"PostmanRuntime/7.26.2";"-";"-";"
"-";"::1";"-";"[2020-07-26T22:33:35.128Z]";"PUT";"/usuario/editar/luciano";"HTTP/1.1";"404";"43";"-";"PostmanRuntime/7.26.2";"-";"-";"
"-";"::1";"-";"[2020-07-26T22:42:51.068Z]";"PUT";"/usuario/editar/luciano";"HTTP/1.1";"400";"43";"-";"PostmanRuntime/7.26.2";"-";"-";"
"-";"::1";"-";"[2020-07-26T22:43:05.924Z]";"PUT";"/usuario/editar/33";"HTTP/1.1";"404";"32";"-";"PostmanRuntime/7.26.2";"-";"-";"
"-";"::1";"-";"[2020-07-26T23:06:41.642Z]";"POST";"/usuario/criar";"HTTP/1.1";"200";"11";"-";"PostmanRuntime/7.26.2";"-";"-";"
"-";"::1";"-";"[2020-07-26T23:08:57.305Z]";"POST";"/usuario/criar";"HTTP/1.1";"-";"-";"-";"PostmanRuntime/7.26.2";"-";"-";"
"-";"::1";"-";"[2020-07-26T23:13:37.485Z]";"POST";"/usuario/criar";"HTTP/1.1";"500";"84";"-";"PostmanRuntime/7.26.2";"-";"-";"
"-";"::1";"-";"[2020-07-27T16:01:15.650Z]";"POST";"/usuario/salvar";"HTTP/1.1";"400";"41";"-";"PostmanRuntime/7.26.2";"-";"-";"
"-";"::1";"-";"[2020-07-27T16:01:56.505Z]";"GET";"/usuario/listar";"HTTP/1.1";"200";"1153";"-";"PostmanRuntime/7.26.2";"-";"-";"
"-";"::1";"-";"[2020-07-27T16:03:32.321Z]";"GET";"/usuario/listar";"HTTP/1.1";"200";"1153";"-";"PostmanRuntime/7.26.2";"-";"-";"
"-";"::1";"-";"[2020-07-27T16:07:03.732Z]";"POST";"/usuario/salvar";"HTTP/1.1";"400";"41";"-";"PostmanRuntime/7.26.2";"-";"-";"
"-";"::1";"-";"[2020-07-27T16:09:29.706Z]";"POST";"/usuario/salvar";"HTTP/1.1";"500";"26";"-";"PostmanRuntime/7.26.2";"-";"-";"
"-";"::1";"-";"[2020-07-27T16:10:29.084Z]";"POST";"/usuario/salvar";"HTTP/1.1";"500";"26";"-";"PostmanRuntime/7.26.2";"-";"-";"
"-";"::1";"-";"[2020-07-27T16:11:18.784Z]";"POST";"/usuario/salvar";"HTTP/1.1";"200";"17";"-";"PostmanRuntime/7.26.2";"-";"-";"
"-";"::1";"-";"[2020-07-27T16:14:22.478Z]";"POST";"/usuario/salvar";"HTTP/1.1";"200";"17";"-";"PostmanRuntime/7.26.2";"-";"-";"
"-";"::1";"-";"[2020-07-27T16:14:31.842Z]";"POST";"/usuario/salvar";"HTTP/1.1";"200";"17";"-";"PostmanRuntime/7.26.2";"-";"-";"
"-";"::1";"-";"[2020-07-27T16:14:43.317Z]";"POST";"/usuario/salvar";"HTTP/1.1";"200";"17";"-";"PostmanRuntime/7.26.2";"-";"-";"
"-";"::1";"-";"[2020-07-27T16:14:51.927Z]";"GET";"/usuario/listar";"HTTP/1.1";"200";"1152";"-";"PostmanRuntime/7.26.2";"-";"-";"
"-";"::1";"-";"[2020-07-27T16:19:52.115Z]";"GET";"/usuario/listar/28";"HTTP/1.1";"200";"131";"-";"PostmanRuntime/7.26.2";"-";"-";"
"-";"::1";"-";"[2020-07-27T16:20:07.701Z]";"GET";"/usuario/listar/dsidiasndnasdnasas";"HTTP/1.1";"400";"47";"-";"PostmanRuntime/7.26.2";"-";"-";"
"-";"::1";"-";"[2020-07-27T16:20:16.402Z]";"GET";"/usuario/listar/0401sa651da0s60160ds0as23das";"HTTP/1.1";"200";"2";"-";"PostmanRuntime/7.26.2";"-";"-";"
"-";"::1";"-";"[2020-07-27T16:20:23.387Z]";"GET";"/usuario/listar/10";"HTTP/1.1";"200";"2";"-";"PostmanRuntime/7.26.2";"-";"-";"
"-";"::1";"-";"[2020-07-27T16:20:27.796Z]";"GET";"/usuario/listar/25";"HTTP/1.1";"200";"129";"-";"PostmanRuntime/7.26.2";"-";"-";"
"-";"::1";"-";"[2020-07-27T16:20:46.295Z]";"GET";"/usuario/listar/______________________________________sda";"HTTP/1.1";"400";"47";"-";"PostmanRuntime/7.26.2";"-";"-";"
"-";"::1";"-";"[2020-07-27T16:24:21.642Z]";"POST";"/usuario/criar";"HTTP/1.1";"400";"94";"-";"PostmanRuntime/7.26.2";"-";"-";"
"-";"::1";"-";"[2020-07-27T16:24:31.504Z]";"POST";"/usuario/criar";"HTTP/1.1";"200";"11";"-";"PostmanRuntime/7.26.2";"-";"-";"
"-";"::1";"-";"[2020-07-27T16:24:42.667Z]";"GET";"/usuario/listar";"HTTP/1.1";"200";"1278";"-";"PostmanRuntime/7.26.2";"-";"-";"
"-";"::1";"-";"[2020-07-27T16:30:21.030Z]";"POST";"/usuario/criar";"HTTP/1.1";"400";"44";"-";"PostmanRuntime/7.26.2";"-";"-";"
"-";"::1";"-";"[2020-07-27T16:32:26.975Z]";"POST";"/usuario/criar";"HTTP/1.1";"400";"44";"-";"PostmanRuntime/7.26.2";"-";"-";"
"-";"::1";"-";"[2020-07-27T16:32:42.492Z]";"POST";"/usuario/criar";"HTTP/1.1";"400";"41";"-";"PostmanRuntime/7.26.2";"-";"-";"
"-";"::1";"-";"[2020-07-27T16:33:15.846Z]";"POST";"/usuario/criar";"HTTP/1.1";"400";"38";"-";"PostmanRuntime/7.26.2";"-";"-";"
"-";"::1";"-";"[2020-07-27T16:33:34.369Z]";"POST";"/usuario/criar";"HTTP/1.1";"200";"151";"-";"PostmanRuntime/7.26.2";"-";"-";"
"-";"::1";"-";"[2020-07-27T16:41:53.795Z]";"POST";"/usuario/criar";"HTTP/1.1";"400";"51";"-";"PostmanRuntime/7.26.2";"-";"-";"
"-";"::1";"-";"[2020-07-27T16:43:43.357Z]";"POST";"/usuario/criar";"HTTP/1.1";"500";"53";"-";"PostmanRuntime/7.26.2";"-";"-";"
"-";"::1";"-";"[2020-07-27T17:04:00.177Z]";"POST";"/usuario/criar";"HTTP/1.1";"500";"31";"-";"PostmanRuntime/7.26.2";"-";"-";"
"-";"::1";"-";"[2020-07-27T17:04:18.798Z]";"POST";"/usuario/criar";"HTTP/1.1";"500";"31";"-";"PostmanRuntime/7.26.2";"-";"-";"
"-";"::1";"-";"[2020-07-27T17:04:31.108Z]";"POST";"/usuario/criar";"HTTP/1.1";"500";"31";"-";"PostmanRuntime/7.26.2";"-";"-";"
"-";"::1";"-";"[2020-07-27T17:05:37.689Z]";"POST";"/usuario/criar";"HTTP/1.1";"500";"20";"-";"PostmanRuntime/7.26.2";"-";"-";"
"-";"::1";"-";"[2020-07-27T17:07:33.422Z]";"POST";"/usuario/criar";"HTTP/1.1";"500";"20";"-";"PostmanRuntime/7.26.2";"-";"-";"
"-";"::1";"-";"[2020-07-27T17:08:11.566Z]";"POST";"/usuario/criar";"HTTP/1.1";"200";"143";"-";"PostmanRuntime/7.26.2";"-";"-";"
"-";"::1";"-";"[2020-07-27T17:34:30.033Z]";"POST";"/usuario/criar";"HTTP/1.1";"500";"20";"-";"PostmanRuntime/7.26.2";"-";"-";"
"-";"::1";"-";"[2020-07-27T18:04:51.901Z]";"GET";"/usuario/listar";"HTTP/1.1";"200";"1542";"-";"PostmanRuntime/7.26.2";"-";"-";"
"-";"::1";"-";"[2020-07-27T18:05:55.790Z]";"GET";"/usuario/listar/27";"HTTP/1.1";"200";"125";"-";"PostmanRuntime/7.26.2";"-";"-";"
"-";"::1";"-";"[2020-07-28T19:29:31.332Z]";"GET";"/usuario/listar";"HTTP/1.1";"200";"1542";"-";"PostmanRuntime/7.26.2";"-";"-";"
"-";"::1";"-";"[2020-07-29T22:10:56.644Z]";"GET";"/usuario/listar";"HTTP/1.1";"200";"1542";"-";"PostmanRuntime/7.26.2";"-";"-";"
"-";"::1";"-";"[2020-07-29T22:18:06.150Z]";"GET";"/usuario/listar";"HTTP/1.1";"200";"1542";"-";"PostmanRuntime/7.26.2";"-";"-";"
"-";"::1";"-";"[2020-07-30T20:14:22.963Z]";"GET";"/usuario/listar";"HTTP/1.1";"200";"1542";"-";"PostmanRuntime/7.26.2";"-";"-";"
"-";"::1";"-";"[2020-07-31T22:43:24.588Z]";"POST";"/usuario/criar";"HTTP/1.1";"500";"23";"-";"PostmanRuntime/7.26.2";"-";"-";"
"-";"::1";"-";"[2020-08-01T15:27:47.032Z]";"GET";"/usuario/listar";"HTTP/1.1";"200";"1542";"-";"PostmanRuntime/7.26.2";"-";"-";"
"-";"::1";"-";"[2020-08-01T15:28:21.839Z]";"POST";"/usuario/criar";"HTTP/1.1";"500";"88";"-";"PostmanRuntime/7.26.2";"-";"-";"
"-";"::1";"-";"[2020-08-01T15:29:03.515Z]";"POST";"/usuario/criar";"HTTP/1.1";"400";"93";"-";"PostmanRuntime/7.26.2";"-";"-";"
"-";"::1";"-";"[2020-08-01T15:29:28.450Z]";"POST";"/usuario/criar";"HTTP/1.1";"400";"93";"-";"PostmanRuntime/7.26.2";"-";"-";"
"-";"::1";"-";"[2020-08-01T15:43:16.637Z]";"POST";"/usuario/criar";"HTTP/1.1";"500";"42";"-";"PostmanRuntime/7.26.2";"-";"-";"
"-";"::1";"-";"[2020-08-01T15:43:16.699Z]";"GET";"/usuario/listar";"HTTP/1.1";"200";"1542";"-";"PostmanRuntime/7.26.2";"-";"-";"
"-";"::1";"-";"[2020-08-01T16:17:35.787Z]";"POST";"/usuario/criar";"HTTP/1.1";"500";"30";"-";"PostmanRuntime/7.26.2";"-";"-";"
"-";"::1";"-";"[2020-08-01T16:32:23.021Z]";"POST";"/usuario/criar";"HTTP/1.1";"500";"48";"-";"PostmanRuntime/7.26.2";"-";"-";"
"-";"::1";"-";"[2020-08-01T16:33:28.290Z]";"POST";"/usuario/criar";"HTTP/1.1";"500";"48";"-";"PostmanRuntime/7.26.2";"-";"-";"
"-";"::1";"-";"[2020-08-01T16:33:49.875Z]";"POST";"/usuario/criar";"HTTP/1.1";"500";"48";"-";"PostmanRuntime/7.26.2";"-";"-";"
"-";"::1";"-";"[2020-08-01T16:36:35.147Z]";"POST";"/usuario/criar";"HTTP/1.1";"500";"48";"-";"PostmanRuntime/7.26.2";"-";"-";"
"-";"::1";"-";"[2020-08-01T16:45:51.406Z]";"POST";"/usuario/criar";"HTTP/1.1";"400";"22";"-";"PostmanRuntime/7.26.2";"-";"-";"
"-";"::1";"-";"[2020-08-01T17:21:57.599Z]";"POST";"/usuario/criar";"HTTP/1.1";"500";"146";"-";"PostmanRuntime/7.26.2";"-";"-";"
"-";"::1";"-";"[2020-08-01T17:35:36.099Z]";"POST";"/usuario/criar";"HTTP/1.1";"-";"-";"-";"PostmanRuntime/7.26.2";"-";"-";"
"-";"::1";"-";"[2020-08-01T17:38:36.227Z]";"POST";"/usuario/criar";"HTTP/1.1";"500";"34";"-";"PostmanRuntime/7.26.2";"-";"-";"
"-";"::1";"-";"[2020-08-01T17:40:51.027Z]";"POST";"/usuario/criar";"HTTP/1.1";"200";"547";"-";"PostmanRuntime/7.26.2";"-";"-";"
"-";"::1";"-";"[2020-08-01T17:48:28.828Z]";"POST";"/usuario/criar";"HTTP/1.1";"200";"17";"-";"PostmanRuntime/7.26.2";"-";"-";"
"-";"::1";"-";"[2020-08-01T17:49:37.780Z]";"POST";"/usuario/criar";"HTTP/1.1";"500";"86";"-";"PostmanRuntime/7.26.2";"-";"-";"
"-";"::1";"-";"[2020-08-01T17:51:11.298Z]";"POST";"/usuario/criar";"HTTP/1.1";"500";"92";"-";"PostmanRuntime/7.26.2";"-";"-";"
"-";"::1";"-";"[2020-08-01T17:51:38.575Z]";"POST";"/usuario/criar";"HTTP/1.1";"500";"37";"-";"PostmanRuntime/7.26.2";"-";"-";"
"-";"::1";"-";"[2020-08-01T17:52:10.111Z]";"POST";"/usuario/criar";"HTTP/1.1";"500";"90";"-";"PostmanRuntime/7.26.2";"-";"-";"
"-";"::1";"-";"[2020-08-01T17:52:37.929Z]";"POST";"/usuario/criar";"HTTP/1.1";"500";"37";"-";"PostmanRuntime/7.26.2";"-";"-";"
"-";"::1";"-";"[2020-08-01T17:53:36.068Z]";"POST";"/usuario/criar";"HTTP/1.1";"500";"86";"-";"PostmanRuntime/7.26.2";"-";"-";"
"-";"::1";"-";"[2020-08-01T17:53:57.155Z]";"POST";"/usuario/criar";"HTTP/1.1";"200";"34";"-";"PostmanRuntime/7.26.2";"-";"-";"
"-";"::1";"-";"[2020-08-01T18:07:31.098Z]";"POST";"/usuario/criar";"HTTP/1.1";"200";"34";"-";"PostmanRuntime/7.26.2";"-";"-";"
"-";"::1";"-";"[2020-08-01T18:08:28.430Z]";"POST";"/usuario/criar";"HTTP/1.1";"200";"34";"-";"PostmanRuntime/7.26.2";"-";"-";"
"-";"::1";"-";"[2020-08-01T18:16:42.049Z]";"GET";"/usuario/listar";"HTTP/1.1";"200";"2324";"-";"PostmanRuntime/7.26.2";"-";"-";"
"-";"::1";"-";"[2020-08-01T18:17:56.762Z]";"POST";"/usuario/listar-por-email";"HTTP/1.1";"200";"112";"-";"PostmanRuntime/7.26.2";"-";"-";"
"-";"::1";"-";"[2020-08-01T18:22:55.138Z]";"POST";"/usuario/listar-por-email";"HTTP/1.1";"200";"240";"-";"PostmanRuntime/7.26.2";"-";"-";"
"-";"::1";"-";"[2020-08-01T18:24:09.909Z]";"GET";"/usuario/listar/27";"HTTP/1.1";"200";"98";"-";"PostmanRuntime/7.26.2";"-";"-";"
"-";"::1";"-";"[2020-08-01T18:24:14.558Z]";"GET";"/usuario/listar";"HTTP/1.1";"200";"2324";"-";"PostmanRuntime/7.26.2";"-";"-";"
"-";"::1";"-";"[2020-08-01T18:24:43.608Z]";"GET";"/usuario/listar";"HTTP/1.1";"200";"2324";"-";"PostmanRuntime/7.26.2";"-";"-";"
"-";"::1";"-";"[2020-08-01T18:26:52.060Z]";"GET";"/usuario/listar";"HTTP/1.1";"500";"123";"-";"PostmanRuntime/7.26.2";"-";"-";"
"-";"::1";"-";"[2020-08-01T18:28:05.691Z]";"GET";"/usuario/listar";"HTTP/1.1";"200";"4670";"-";"PostmanRuntime/7.26.2";"-";"-";"
"-";"::1";"-";"[2020-08-01T18:40:20.108Z]";"GET";"/usuario/listar/27";"HTTP/1.1";"500";"124";"-";"PostmanRuntime/7.26.2";"-";"-";"
"-";"::1";"-";"[2020-08-01T18:41:39.477Z]";"GET";"/usuario/listar/27";"HTTP/1.1";"500";"178";"-";"PostmanRuntime/7.26.2";"-";"-";"
"-";"::1";"-";"[2020-08-01T18:42:23.606Z]";"GET";"/usuario/listar/27";"HTTP/1.1";"200";"184";"-";"PostmanRuntime/7.26.2";"-";"-";"
"-";"::1";"-";"[2020-08-01T18:42:39.159Z]";"GET";"/usuario/listar/128";"HTTP/1.1";"200";"2";"-";"PostmanRuntime/7.26.2";"-";"-";"
"-";"::1";"-";"[2020-08-01T18:42:44.522Z]";"GET";"/usuario/listar/127";"HTTP/1.1";"200";"2";"-";"PostmanRuntime/7.26.2";"-";"-";"
"-";"::1";"-";"[2020-08-01T18:42:46.372Z]";"GET";"/usuario/listar/12";"HTTP/1.1";"200";"2";"-";"PostmanRuntime/7.26.2";"-";"-";"
"-";"::1";"-";"[2020-08-01T18:42:49.344Z]";"GET";"/usuario/listar/116";"HTTP/1.1";"200";"2";"-";"PostmanRuntime/7.26.2";"-";"-";"
"-";"::1";"-";"[2020-08-01T18:42:54.142Z]";"GET";"/usuario/listar/";"HTTP/1.1";"400";"47";"-";"PostmanRuntime/7.26.2";"-";"-";"
"-";"::1";"-";"[2020-08-01T18:43:02.196Z]";"GET";"/usuario/listar/12";"HTTP/1.1";"200";"2";"-";"PostmanRuntime/7.26.2";"-";"-";"
"-";"::1";"-";"[2020-08-01T18:43:33.724Z]";"POST";"/usuario/listar-por-email";"HTTP/1.1";"200";"233";"-";"PostmanRuntime/7.26.2";"-";"-";"
"-";"::1";"-";"[2020-08-01T18:44:07.027Z]";"POST";"/usuario/criar";"HTTP/1.1";"500";"89";"-";"PostmanRuntime/7.26.2";"-";"-";"
"-";"::1";"-";"[2020-08-01T18:44:42.969Z]";"GET";"/usuario/listar/124";"HTTP/1.1";"200";"224";"-";"PostmanRuntime/7.26.2";"-";"-";"
"-";"::1";"-";"[2020-08-01T18:45:24.960Z]";"GET";"/usuario/listar/124";"HTTP/1.1";"200";"295";"-";"PostmanRuntime/7.26.2";"-";"-";"
"-";"::1";"-";"[2020-08-01T18:46:05.890Z]";"GET";"/usuario/listar";"HTTP/1.1";"200";"4670";"-";"PostmanRuntime/7.26.2";"-";"-";"
"-";"::1";"-";"[2020-08-01T18:52:43.341Z]";"POST";"/usuario/listar-por-email";"HTTP/1.1";"200";"250";"-";"PostmanRuntime/7.26.2";"-";"-";"
"-";"::1";"-";"[2020-08-01T19:04:18.603Z]";"PUT";"/usuario/editar/33";"HTTP/1.1";"404";"46";"-";"PostmanRuntime/7.26.2";"-";"-";"
"-";"::1";"-";"[2020-08-01T19:11:35.850Z]";"GET";"/usuario/listar/124";"HTTP/1.1";"200";"355";"-";"PostmanRuntime/7.26.2";"-";"-";"
"-";"::1";"-";"[2020-08-01T19:15:54.807Z]";"PUT";"/usuario/editar/124";"HTTP/1.1";"500";"260";"-";"PostmanRuntime/7.26.2";"-";"-";"
"-";"::1";"-";"[2020-08-01T19:30:56.534Z]";"PUT";"/usuario/editar/124";"HTTP/1.1";"500";"260";"-";"PostmanRuntime/7.26.2";"-";"-";"
"-";"::1";"-";"[2020-08-01T19:32:53.885Z]";"PUT";"/usuario/editar/124";"HTTP/1.1";"500";"260";"-";"PostmanRuntime/7.26.2";"-";"-";"
"-";"::1";"-";"[2020-08-01T21:23:20.338Z]";"PUT";"/usuario/editar/124";"HTTP/1.1";"-";"-";"-";"PostmanRuntime/7.26.2";"-";"-";"
"-";"::1";"-";"[2020-08-01T21:23:25.368Z]";"GET";"/usuario/listar/124";"HTTP/1.1";"200";"365";"-";"PostmanRuntime/7.26.2";"-";"-";"
"-";"::1";"-";"[2020-08-01T21:24:05.770Z]";"GET";"/usuario/listar/124";"HTTP/1.1";"200";"365";"-";"PostmanRuntime/7.26.2";"-";"-";"
"-";"::1";"-";"[2020-08-01T21:34:20.518Z]";"PUT";"/usuario/editar/124";"HTTP/1.1";"200";"63";"-";"PostmanRuntime/7.26.2";"-";"-";"
"-";"::1";"-";"[2020-08-01T21:34:42.329Z]";"GET";"/usuario/listar/124";"HTTP/1.1";"200";"369";"-";"PostmanRuntime/7.26.2";"-";"-";"
"-";"::1";"-";"[2020-08-01T21:35:51.413Z]";"PUT";"/usuario/editar/124";"HTTP/1.1";"500";"84";"-";"PostmanRuntime/7.26.2";"-";"-";"
"-";"::1";"-";"[2020-08-01T21:41:28.951Z]";"PUT";"/usuario/editar/124";"HTTP/1.1";"200";"63";"-";"PostmanRuntime/7.26.2";"-";"-";"
"-";"::1";"-";"[2020-08-01T21:41:39.754Z]";"GET";"/usuario/listar/124";"HTTP/1.1";"200";"373";"-";"PostmanRuntime/7.26.2";"-";"-";"
"-";"::1";"-";"[2020-08-01T21:42:13.434Z]";"PUT";"/usuario/editar/124";"HTTP/1.1";"200";"63";"-";"PostmanRuntime/7.26.2";"-";"-";"
"-";"::1";"-";"[2020-08-01T21:42:18.548Z]";"GET";"/usuario/listar/124";"HTTP/1.1";"200";"357";"-";"PostmanRuntime/7.26.2";"-";"-";"
"-";"::1";"-";"[2020-08-02T18:45:49.093Z]";"POST";"/usuario/listar-por-email";"HTTP/1.1";"500";"301";"-";"PostmanRuntime/7.26.2";"-";"-";"
"-";"::1";"-";"[2020-08-02T19:26:57.090Z]";"POST";"/usuario/listar-por-email";"HTTP/1.1";"200";"11";"-";"PostmanRuntime/7.26.2";"-";"-";"
"-";"::1";"-";"[2020-08-02T19:27:04.351Z]";"POST";"/usuario/listar-por-email";"HTTP/1.1";"200";"11";"-";"PostmanRuntime/7.26.2";"-";"-";"
"-";"::1";"-";"[2020-08-02T19:27:46.065Z]";"GET";"/usuario/listar/124";"HTTP/1.1";"200";"357";"-";"PostmanRuntime/7.26.2";"-";"-";"
"-";"::1";"-";"[2020-08-02T19:27:57.221Z]";"POST";"/usuario/listar-por-email";"HTTP/1.1";"200";"252";"-";"PostmanRuntime/7.26.2";"-";"-";"
"-";"::1";"-";"[2020-08-02T19:29:16.466Z]";"POST";"/usuario/listar-por-email";"HTTP/1.1";"200";"243";"-";"PostmanRuntime/7.26.2";"-";"-";"
"-";"::1";"-";"[2020-08-02T19:35:07.951Z]";"POST";"/usuario/resetar-senha";"HTTP/1.1";"500";"22";"-";"PostmanRuntime/7.26.2";"-";"-";"
"-";"::1";"-";"[2020-08-02T19:36:10.590Z]";"POST";"/usuario/resetar-senha";"HTTP/1.1";"500";"43";"-";"PostmanRuntime/7.26.2";"-";"-";"
"-";"::1";"-";"[2020-08-02T19:36:42.683Z]";"POST";"/usuario/resetar-senha";"HTTP/1.1";"500";"43";"-";"PostmanRuntime/7.26.2";"-";"-";"
"-";"::1";"-";"[2020-08-02T19:37:39.613Z]";"POST";"/usuario/resetar-senha";"HTTP/1.1";"400";"55";"-";"PostmanRuntime/7.26.2";"-";"-";"
"-";"::1";"-";"[2020-08-02T19:37:56.158Z]";"POST";"/usuario/resetar-senha";"HTTP/1.1";"400";"56";"-";"PostmanRuntime/7.26.2";"-";"-";"
"-";"::1";"-";"[2020-08-02T19:39:15.312Z]";"POST";"/usuario/resetar-senha";"HTTP/1.1";"500";"51";"-";"PostmanRuntime/7.26.2";"-";"-";"
"-";"::1";"-";"[2020-08-02T20:01:05.053Z]";"PUT";"/usuario/senha/124";"HTTP/1.1";"500";"21";"-";"PostmanRuntime/7.26.2";"-";"-";"
"-";"::1";"-";"[2020-08-02T20:07:25.842Z]";"PUT";"/usuario/senha/124";"HTTP/1.1";"400";"45";"-";"PostmanRuntime/7.26.2";"-";"-";"
"-";"::1";"-";"[2020-08-02T20:17:11.591Z]";"PUT";"/usuario/senha/124";"HTTP/1.1";"200";"22";"-";"PostmanRuntime/7.26.2";"-";"-";"
"-";"::1";"-";"[2020-08-02T20:17:18.170Z]";"GET";"/usuario/listar/124";"HTTP/1.1";"200";"357";"-";"PostmanRuntime/7.26.2";"-";"-";"
"-";"::1";"-";"[2020-08-02T20:20:39.534Z]";"PUT";"/usuario/senha/124";"HTTP/1.1";"400";"17";"-";"PostmanRuntime/7.26.2";"-";"-";"
"-";"::1";"-";"[2020-08-02T20:21:00.144Z]";"PUT";"/usuario/senha/126";"HTTP/1.1";"400";"67";"-";"PostmanRuntime/7.26.2";"-";"-";"
"-";"::1";"-";"[2020-08-02T20:21:36.768Z]";"PUT";"/usuario/senha/126";"HTTP/1.1";"400";"71";"-";"PostmanRuntime/7.26.2";"-";"-";"
"-";"::1";"-";"[2020-08-02T20:21:55.756Z]";"PUT";"/usuario/senha/126";"HTTP/1.1";"400";"71";"-";"PostmanRuntime/7.26.2";"-";"-";"
"-";"::1";"-";"[2020-08-02T20:22:03.665Z]";"PUT";"/usuario/senha/126";"HTTP/1.1";"400";"62";"-";"PostmanRuntime/7.26.2";"-";"-";"
"-";"::1";"-";"[2020-08-02T20:22:21.372Z]";"PUT";"/usuario/senha/126";"HTTP/1.1";"400";"62";"-";"PostmanRuntime/7.26.2";"-";"-";"
"-";"::1";"-";"[2020-08-02T20:22:28.758Z]";"PUT";"/usuario/senha/126";"HTTP/1.1";"400";"36";"-";"PostmanRuntime/7.26.2";"-";"-";"
"-";"::1";"-";"[2020-08-02T20:23:07.327Z]";"PUT";"/usuario/senha/126";"HTTP/1.1";"400";"36";"-";"PostmanRuntime/7.26.2";"-";"-";"
"-";"::1";"-";"[2020-08-02T20:23:25.189Z]";"PUT";"/usuario/senha/hujhkijnjkinkinn";"HTTP/1.1";"400";"47";"-";"PostmanRuntime/7.26.2";"-";"-";"
"-";"::1";"-";"[2020-08-02T20:23:50.583Z]";"PUT";"/usuario/senha/12asdasdasd4";"HTTP/1.1";"400";"45";"-";"PostmanRuntime/7.26.2";"-";"-";"
"-";"::1";"-";"[2020-08-02T20:24:55.997Z]";"PUT";"/usuario/senha/12asdasdasd4";"HTTP/1.1";"400";"45";"-";"PostmanRuntime/7.26.2";"-";"-";"
"-";"::1";"-";"[2020-08-02T20:42:26.724Z]";"PUT";"/usuario/senha/111";"HTTP/1.1";"400";"17";"-";"PostmanRuntime/7.26.2";"-";"-";"
"-";"::1";"-";"[2020-08-02T20:42:51.210Z]";"GET";"/usuario/listar/111";"HTTP/1.1";"200";"357";"-";"PostmanRuntime/7.26.2";"-";"-";"
"-";"::1";"-";"[2020-08-02T20:43:35.106Z]";"DELETE";"/usuario/excluir/dsadasdasdas";"HTTP/1.1";"400";"43";"-";"PostmanRuntime/7.26.2";"-";"-";"
"-";"::1";"-";"[2020-08-02T20:44:46.019Z]";"DELETE";"/usuario/excluir/dsadasdasdas";"HTTP/1.1";"400";"43";"-";"PostmanRuntime/7.26.2";"-";"-";"
"-";"::1";"-";"[2020-08-02T20:45:15.443Z]";"DELETE";"/usuario/excluir/dsadasdasdas";"HTTP/1.1";"400";"45";"-";"PostmanRuntime/7.26.2";"-";"-";"
"-";"::1";"-";"[2020-08-02T20:45:26.882Z]";"GET";"/usuario/listar/111";"HTTP/1.1";"200";"357";"-";"PostmanRuntime/7.26.2";"-";"-";"
"-";"::1";"-";"[2020-08-02T20:45:43.621Z]";"DELETE";"/usuario/excluir/111";"HTTP/1.1";"200";"75";"-";"PostmanRuntime/7.26.2";"-";"-";"
"-";"::1";"-";"[2020-08-02T20:46:01.548Z]";"GET";"/usuario/listar/111";"HTTP/1.1";"200";"357";"-";"PostmanRuntime/7.26.2";"-";"-";"
"-";"::1";"-";"[2020-08-02T20:46:10.494Z]";"GET";"/usuario/listar/111";"HTTP/1.1";"200";"357";"-";"PostmanRuntime/7.26.2";"-";"-";"
"-";"::1";"-";"[2020-08-02T20:46:12.102Z]";"GET";"/usuario/listar/111";"HTTP/1.1";"200";"357";"-";"PostmanRuntime/7.26.2";"-";"-";"
"-";"::1";"-";"[2020-08-02T20:48:28.594Z]";"DELETE";"/usuario/excluir/111";"HTTP/1.1";"500";"307";"-";"PostmanRuntime/7.26.2";"-";"-";"
"-";"::1";"-";"[2020-08-02T20:48:42.612Z]";"DELETE";"/usuario/excluir/111";"HTTP/1.1";"200";"75";"-";"PostmanRuntime/7.26.2";"-";"-";"
"-";"::1";"-";"[2020-08-02T20:48:58.587Z]";"GET";"/usuario/listar/111";"HTTP/1.1";"200";"2";"-";"PostmanRuntime/7.26.2";"-";"-";"
"-";"::1";"-";"[2020-08-02T20:49:40.912Z]";"GET";"/usuario/listar/24";"HTTP/1.1";"200";"132";"-";"PostmanRuntime/7.26.2";"-";"-";"
"-";"::1";"-";"[2020-08-02T20:49:50.328Z]";"DELETE";"/usuario/excluir/24";"HTTP/1.1";"500";"123";"-";"PostmanRuntime/7.26.2";"-";"-";"
"-";"::1";"-";"[2020-08-02T21:06:59.532Z]";"GET";"/usuario/listar";"HTTP/1.1";"200";"4077";"-";"PostmanRuntime/7.26.2";"-";"-";"
"-";"::1";"-";"[2020-08-02T21:07:30.183Z]";"GET";"/usuario/listar";"HTTP/1.1";"200";"4335";"-";"PostmanRuntime/7.26.2";"-";"-";"
"-";"::1";"-";"[2020-08-02T21:11:48.368Z]";"GET";"/usuario/listar";"HTTP/1.1";"200";"4077";"-";"PostmanRuntime/7.26.2";"-";"-";"
"-";"::1";"-";"[2020-08-02T21:12:27.743Z]";"GET";"/usuario/listar";"HTTP/1.1";"200";"4077";"-";"PostmanRuntime/7.26.2";"-";"-";"
"-";"::1";"-";"[2020-08-02T21:12:45.296Z]";"DELETE";"/usuario/excluir/24";"HTTP/1.1";"200";"75";"-";"PostmanRuntime/7.26.2";"-";"-";"
"-";"::1";"-";"[2020-08-02T21:12:59.443Z]";"GET";"/usuario/listar";"HTTP/1.1";"200";"4077";"-";"PostmanRuntime/7.26.2";"-";"-";"
"-";"::1";"-";"[2020-08-02T21:13:31.086Z]";"DELETE";"/usuario/excluir/24";"HTTP/1.1";"200";"75";"-";"PostmanRuntime/7.26.2";"-";"-";"
"-";"::1";"-";"[2020-08-02T21:13:33.836Z]";"GET";"/usuario/listar";"HTTP/1.1";"200";"4077";"-";"PostmanRuntime/7.26.2";"-";"-";"
"-";"::1";"-";"[2020-08-02T21:14:30.343Z]";"GET";"/usuario/listar";"HTTP/1.1";"200";"3889";"-";"PostmanRuntime/7.26.2";"-";"-";"
"-";"::1";"-";"[2020-08-02T21:14:51.129Z]";"GET";"/usuario/listar/24";"HTTP/1.1";"200";"146";"-";"PostmanRuntime/7.26.2";"-";"-";"
"-";"::1";"-";"[2020-08-02T21:22:45.674Z]";"PUT";"/usuario/ativar/24";"HTTP/1.1";"500";"124";"-";"PostmanRuntime/7.26.2";"-";"-";"
"-";"::1";"-";"[2020-08-02T21:23:06.418Z]";"PUT";"/usuario/ativar/24";"HTTP/1.1";"500";"124";"-";"PostmanRuntime/7.26.2";"-";"-";"
"-";"::1";"-";"[2020-08-02T21:23:46.454Z]";"PUT";"/usuario/ativar/24";"HTTP/1.1";"500";"124";"-";"PostmanRuntime/7.26.2";"-";"-";"
"-";"::1";"-";"[2020-08-02T21:24:17.025Z]";"PUT";"/usuario/ativar/24";"HTTP/1.1";"200";"26";"-";"PostmanRuntime/7.26.2";"-";"-";"
"-";"::1";"-";"[2020-08-02T21:24:25.131Z]";"GET";"/usuario/listar";"HTTP/1.1";"200";"4077";"-";"PostmanRuntime/7.26.2";"-";"-";"
"-";"::1";"-";"[2020-08-02T21:24:36.094Z]";"DELETE";"/usuario/excluir/24";"HTTP/1.1";"200";"25";"-";"PostmanRuntime/7.26.2";"-";"-";"
"-";"::1";"-";"[2020-08-02T21:24:40.307Z]";"GET";"/usuario/listar";"HTTP/1.1";"200";"3889";"-";"PostmanRuntime/7.26.2";"-";"-";"
"-";"::1";"-";"[2020-08-02T21:25:08.502Z]";"GET";"/usuario/listar";"HTTP/1.1";"200";"3889";"-";"PostmanRuntime/7.26.2";"-";"-";"
"-";"::1";"-";"[2020-08-02T21:25:11.207Z]";"PUT";"/usuario/ativar/24";"HTTP/1.1";"200";"26";"-";"PostmanRuntime/7.26.2";"-";"-";"
"-";"::1";"-";"[2020-08-02T21:25:15.367Z]";"GET";"/usuario/listar";"HTTP/1.1";"200";"4077";"-";"PostmanRuntime/7.26.2";"-";"-";"
"-";"::1";"-";"[2020-08-02T21:30:16.869Z]";"GET";"/usuario/listar";"HTTP/1.1";"200";"2355";"-";"PostmanRuntime/7.26.2";"-";"-";"
