"-";"::1";"-";"[2020-08-04T03:09:36.082Z]";"POST";"/usuario/teste";"HTTP/1.1";"200";"335";"-";"PostmanRuntime/7.26.2";"-";"-";"
"-";"::1";"-";"[2020-08-04T03:10:45.620Z]";"POST";"/usuario/teste";"HTTP/1.1";"200";"335";"-";"PostmanRuntime/7.26.2";"-";"-";"
"-";"::1";"-";"[2020-08-04T03:11:13.049Z]";"POST";"/usuario/teste";"HTTP/1.1";"200";"335";"-";"PostmanRuntime/7.26.2";"-";"-";"
"-";"::1";"-";"[2020-08-04T03:12:15.765Z]";"POST";"/usuario/teste";"HTTP/1.1";"200";"336";"-";"PostmanRuntime/7.26.2";"-";"-";"
"-";"::1";"-";"[2020-08-04T03:13:48.137Z]";"POST";"/usuario/teste";"HTTP/1.1";"200";"335";"-";"PostmanRuntime/7.26.2";"-";"-";"
"-";"::1";"-";"[2020-08-04T03:18:14.457Z]";"POST";"/usuario/teste";"HTTP/1.1";"200";"336";"-";"PostmanRuntime/7.26.2";"-";"-";"
"-";"::1";"-";"[2020-08-04T03:19:59.611Z]";"POST";"/usuario/teste";"HTTP/1.1";"200";"334";"-";"PostmanRuntime/7.26.2";"-";"-";"
"-";"::1";"-";"[2020-08-04T03:21:42.099Z]";"POST";"/usuario/teste";"HTTP/1.1";"200";"335";"-";"PostmanRuntime/7.26.2";"-";"-";"
"-";"::1";"-";"[2020-08-04T03:23:04.037Z]";"POST";"/usuario/teste";"HTTP/1.1";"200";"335";"-";"PostmanRuntime/7.26.2";"-";"-";"
"-";"::1";"-";"[2020-08-04T03:28:19.450Z]";"POST";"/usuario/teste";"HTTP/1.1";"200";"336";"-";"PostmanRuntime/7.26.2";"-";"-";"
"-";"::1";"-";"[2020-08-04T03:29:06.030Z]";"POST";"/usuario/teste";"HTTP/1.1";"200";"335";"-";"PostmanRuntime/7.26.2";"-";"-";"
"-";"::1";"-";"[2020-08-04T03:30:21.369Z]";"POST";"/usuario/teste";"HTTP/1.1";"200";"334";"-";"PostmanRuntime/7.26.2";"-";"-";"
"-";"::1";"-";"[2020-08-04T03:31:29.778Z]";"POST";"/usuario/teste";"HTTP/1.1";"200";"335";"-";"PostmanRuntime/7.26.2";"-";"-";"
"-";"::1";"-";"[2020-08-04T03:32:32.540Z]";"POST";"/usuario/teste";"HTTP/1.1";"200";"334";"-";"PostmanRuntime/7.26.2";"-";"-";"
"-";"::1";"-";"[2020-08-04T03:32:39.839Z]";"POST";"/usuario/teste";"HTTP/1.1";"200";"336";"-";"PostmanRuntime/7.26.2";"-";"-";"
"-";"::1";"-";"[2020-08-04T03:39:30.887Z]";"POST";"/usuario/resetar-senha";"HTTP/1.1";"500";"20";"-";"PostmanRuntime/7.26.2";"-";"-";"
"-";"::1";"-";"[2020-08-04T03:40:21.784Z]";"POST";"/usuario/resetar-senha";"HTTP/1.1";"200";"65";"-";"PostmanRuntime/7.26.2";"-";"-";"
"-";"::1";"-";"[2020-08-04T03:48:20.352Z]";"GET";"/usuario/listar/124";"HTTP/1.1";"200";"370";"-";"PostmanRuntime/7.26.2";"-";"-";"
"-";"::1";"-";"[2020-08-04T03:48:22.346Z]";"GET";"/usuario/listar";"HTTP/1.1";"200";"2355";"-";"PostmanRuntime/7.26.2";"-";"-";"
"-";"::1";"-";"[2020-08-04T03:50:12.769Z]";"POST";"/usuario/criar";"HTTP/1.1";"200";"32";"-";"PostmanRuntime/7.26.2";"-";"-";"
"-";"::1";"-";"[2020-08-04T03:59:24.623Z]";"POST";"/usuario/criar";"HTTP/1.1";"200";"32";"-";"PostmanRuntime/7.26.2";"-";"-";"
